0 info it worked if it ends with ok
1 verbose cli [ '/usr/bin/node', '/usr/bin/npm', 'version', 'patch' ]
2 info using npm@3.10.10
3 info using node@v6.14.1
4 info git [ 'status', '--porcelain' ]
5 verbose stack Error: Git working directory not clean.
5 verbose stack M  package.json
5 verbose stack     at /usr/lib/node_modules/npm/lib/version.js:247:19
5 verbose stack     at /usr/lib/node_modules/npm/lib/utils/no-progress-while-running.js:21:8
5 verbose stack     at ChildProcess.exithandler (child_process.js:190:7)
5 verbose stack     at emitTwo (events.js:106:13)
5 verbose stack     at ChildProcess.emit (events.js:191:7)
5 verbose stack     at maybeClose (internal/child_process.js:920:16)
5 verbose stack     at Process.ChildProcess._handle.onexit (internal/child_process.js:230:5)
6 verbose cwd /home/volha/Documents/Project/webdriver-io-cucumber
7 error Linux 4.13.0-38-generic
8 error argv "/usr/bin/node" "/usr/bin/npm" "version" "patch"
9 error node v6.14.1
10 error npm  v3.10.10
11 error Git working directory not clean.
11 error M  package.json
12 error If you need help, you may report this error at:
12 error     <https://github.com/npm/npm/issues>
13 verbose exit [ 1, true ]
